<?xml version="1.0" encoding="UTF-8"?>
<testsuite xmlns:xsi="http://www.w3.org/2001/XMLSchema-instance" xsi:noNamespaceSchemaLocation="https://maven.apache.org/surefire/maven-surefire-plugin/xsd/surefire-test-report.xsd" version="3.0.2" name="com.example.springg.SpringgApplicationTests" time="9.029" tests="1" errors="0" skipped="0" failures="0">
  <properties>
[...]
</properties>
  <testcase name="contextLoads" classname="com.example.springg.SpringgApplicationTests" time="4.254">
    <system-out><![CDATA[15:18:29.600 [main] INFO org.springframework.test.context.support.AnnotationConfigContextLoaderUtils -- Could not detect default configuration classes for test class [com.example.springg.SpringgApplicationTests]: SpringgApplicationTests does not declare any static, non-private, non-final, nested classes annotated with @Configuration.
15:18:29.842 [main] INFO org.springframework.boot.test.context.SpringBootTestContextBootstrapper -- Found @SpringBootConfiguration com.example.springg.SpringgApplication for test class com.example.springg.SpringgApplicationTests

  .   ____          _            __ _ _
 /\\ / ___'_ __ _ _(_)_ __  __ _ \ \ \ \
( ( )\___ | '_ | '_| | '_ \/ _` | \ \ \ \
 \\/  ___)| |_)| | | | | || (_| |  ) ) ) )
  '  |____| .__|_| |_|_| |_\__, | / / / /
 =========|_|==============|___/=/_/_/_/

 :: Spring Boot ::                (v3.5.5)

2025-09-18T15:18:31.501+05:30  INFO 13380 --- [springg] [           main] c.e.springg.SpringgApplicationTests      : Starting SpringgApplicationTests using Java 21.0.7 with PID 13380 (started by Administrator in C:\Users\Administrator\Downloads\springg\springg)
2025-09-18T15:18:31.506+05:30  INFO 13380 --- [springg] [           main] c.e.springg.SpringgApplicationTests      : No active profile set, falling back to 1 default profile: "default"
2025-09-18T15:18:34.029+05:30  INFO 13380 --- [springg] [           main] c.e.springg.SpringgApplicationTests      : Started SpringgApplicationTests in 3.774 seconds (process running for 7.127)
]]></system-out>
    <system-err><![CDATA[Mockito is currently self-attaching to enable the inline-mock-maker. This will no longer work in future releases of the JDK. Please add Mockito as an agent to your build as described in Mockito's documentation: https://javadoc.io/doc/org.mockito/mockito-core/latest/org.mockito/org/mockito/Mockito.html#0.3
WARNING: A Java agent has been loaded dynamically (C:\Users\Administrator\.m2\repository\net\bytebuddy\byte-buddy-agent\1.17.7\byte-buddy-agent-1.17.7.jar)
WARNING: If a serviceability tool is in use, please run with -XX:+EnableDynamicAgentLoading to hide this warning
WARNING: If a serviceability tool is not in use, please run with -Djdk.instrument.traceUsage for more information
WARNING: Dynamic loading of agents will be disallowed by default in a future release
]]></system-err>
  </testcase>
</testsuite>